<?xml version="1.0" encoding="UTF-8"?>
<!-- Generated by org.testng.reporters.JUnitXMLReporter -->
<testsuite ignored="0" hostname="DESKTOP-UMV0P2T" failures="0" tests="13" name="Command line test" time="0.282" errors="0" timestamp="13 окт. 2018 08:43:42 GMT">
  <testcase classname="application.logic.CarriagesTest" name="testBaggageCarriagePassengers" time="0.034"/>
  <testcase classname="application.logic.CarriagesTest" name="testFreightCarriageLoadBaggage" time="0.003"/>
  <testcase classname="application.logic.CarriagesTest" name="testFreightCarriageOverload" time="0.0"/>
  <testcase classname="application.logic.CarriagesTest" name="testFreightCarriagePassengers" time="0.001"/>
  <testcase classname="application.logic.CarriagesTest" name="testToString" time="0.061"/>
  <testcase classname="application.logic.TrainTest" name="testAddCarriage" time="0.0"/>
  <testcase classname="application.logic.TrainTest" name="testAddCarriages" time="0.0"/>
  <testcase classname="application.logic.TrainTest" name="testCalculateCurrentPassengers" time="0.0"/>
  <testcase classname="application.logic.TrainTest" name="testCalculateMaxPassengers" time="0.001"/>
  <testcase classname="application.logic.TrainTest" name="testGetTrainLength" time="0.001"/>
  <testcase classname="application.logic.TrainTest" name="testSortByCurrentPassengers" time="0.014"/>
  <testcase classname="application.logic.TrainTest" name="testSortByMaxPassengers" time="0.03"/>
  <testcase classname="application.logic.TrainTest" name="testToString" time="0.001"/>
</testsuite> <!-- Command line test -->
